<?xml version="1.0" encoding="UTF-8"?>
<testng-results ignored="0" total="2" passed="1" failed="1" skipped="0">
  <reporter-output>
  </reporter-output>
  <suite started-at="2022-03-30T13:34:38Z" name="Default suite" finished-at="2022-03-30T13:34:59Z" duration-ms="21055">
    <groups>
    </groups>
    <test started-at="2022-03-30T13:34:38Z" name="Default test" finished-at="2022-03-30T13:34:59Z" duration-ms="21055">
      <class name="tests.CareersTest">
        <test-method is-config="true" signature="startDriver(java.lang.String)[pri:0, instance:tests.CareersTest@268f106e]" started-at="2022-03-30T13:32:43Z" name="startDriver" finished-at="2022-03-30T13:34:38Z" duration-ms="115068" status="PASS">
          <params>
            <param index="0">
              <value>
                <![CDATA[chrome]]>
              </value>
            </param>
          </params>
          <reporter-output>
          </reporter-output>
        </test-method> <!-- startDriver -->
        <test-method signature="Careercommon()[pri:0, instance:tests.CareersTest@268f106e]" started-at="2022-03-30T13:34:38Z" name="Careercommon" finished-at="2022-03-30T13:34:53Z" duration-ms="15493" status="PASS">
          <reporter-output>
          </reporter-output>
        </test-method> <!-- Careercommon -->
        <test-method is-config="true" signature="screenshotOnFailure(org.testng.ITestResult)[pri:0, instance:tests.CareersTest@268f106e]" started-at="2022-03-30T13:34:53Z" name="screenshotOnFailure" finished-at="2022-03-30T13:34:53Z" duration-ms="1" status="PASS">
          <params>
            <param index="0">
              <value>
                <![CDATA[[TestResult name=Careercommon status=SUCCESS method=CareersTest.Careercommon()[pri:0, instance:tests.CareersTest@268f106e] output={null}]]]>
              </value>
            </param>
          </params>
          <reporter-output>
          </reporter-output>
        </test-method> <!-- screenshotOnFailure -->
        <test-method signature="Careersfind()[pri:1, instance:tests.CareersTest@268f106e]" started-at="2022-03-30T13:34:53Z" name="Careersfind" finished-at="2022-03-30T13:34:59Z" depends-on-methods="tests.CareersTest.Careercommon" duration-ms="5052" status="FAIL">
          <exception class="java.lang.AssertionError">
            <message>
              <![CDATA[expected [https://www.musala.com/careers/join-us/] but found [https://www.musala.com/careers/]]]>
            </message>
            <full-stacktrace>
              <![CDATA[java.lang.AssertionError: expected [https://www.musala.com/careers/join-us/] but found [https://www.musala.com/careers/]
at org.testng.Assert.fail(Assert.java:96)
at org.testng.Assert.failNotEquals(Assert.java:776)
at org.testng.Assert.assertEqualsImpl(Assert.java:137)
at org.testng.Assert.assertEquals(Assert.java:118)
at org.testng.Assert.assertEquals(Assert.java:453)
at org.testng.Assert.assertEquals(Assert.java:463)
at tests.CareersTest.Careersfind(CareersTest.java:37)
at java.base/jdk.internal.reflect.NativeMethodAccessorImpl.invoke0(Native Method)
at java.base/jdk.internal.reflect.NativeMethodAccessorImpl.invoke(NativeMethodAccessorImpl.java:77)
at java.base/jdk.internal.reflect.DelegatingMethodAccessorImpl.invoke(DelegatingMethodAccessorImpl.java:43)
at java.base/java.lang.reflect.Method.invoke(Method.java:568)
at org.testng.internal.MethodInvocationHelper.invokeMethod(MethodInvocationHelper.java:124)
at org.testng.internal.Invoker.invokeMethod(Invoker.java:583)
at org.testng.internal.Invoker.invokeTestMethod(Invoker.java:719)
at org.testng.internal.Invoker.invokeTestMethods(Invoker.java:989)
at org.testng.internal.TestMethodWorker.invokeTestMethods(TestMethodWorker.java:125)
at org.testng.internal.TestMethodWorker.run(TestMethodWorker.java:109)
at org.testng.TestRunner.privateRun(TestRunner.java:648)
at org.testng.TestRunner.run(TestRunner.java:505)
at org.testng.SuiteRunner.runTest(SuiteRunner.java:455)
at org.testng.SuiteRunner.runSequentially(SuiteRunner.java:450)
at org.testng.SuiteRunner.privateRun(SuiteRunner.java:415)
at org.testng.SuiteRunner.run(SuiteRunner.java:364)
at org.testng.SuiteRunnerWorker.runSuite(SuiteRunnerWorker.java:52)
at org.testng.SuiteRunnerWorker.run(SuiteRunnerWorker.java:84)
at org.testng.TestNG.runSuitesSequentially(TestNG.java:1208)
at org.testng.TestNG.runSuitesLocally(TestNG.java:1137)
at org.testng.TestNG.runSuites(TestNG.java:1049)
at org.testng.TestNG.run(TestNG.java:1017)
at org.testng.remote.AbstractRemoteTestNG.run(AbstractRemoteTestNG.java:115)
at org.testng.remote.RemoteTestNG.initAndRun(RemoteTestNG.java:251)
at org.testng.remote.RemoteTestNG.main(RemoteTestNG.java:77)
]]>
            </full-stacktrace>
          </exception> <!-- java.lang.AssertionError -->
          <reporter-output>
          </reporter-output>
        </test-method> <!-- Careersfind -->
        <test-method is-config="true" signature="screenshotOnFailure(org.testng.ITestResult)[pri:0, instance:tests.CareersTest@268f106e]" started-at="2022-03-30T13:34:59Z" name="screenshotOnFailure" finished-at="2022-03-30T13:34:59Z" duration-ms="494" status="PASS">
          <params>
            <param index="0">
              <value>
                <![CDATA[[TestResult name=Careersfind status=FAILURE method=CareersTest.Careersfind()[pri:1, instance:tests.CareersTest@268f106e] output={null}]]]>
              </value>
            </param>
          </params>
          <reporter-output>
          </reporter-output>
        </test-method> <!-- screenshotOnFailure -->
        <test-method is-config="true" signature="stopDriver()[pri:0, instance:tests.CareersTest@268f106e]" started-at="2022-03-30T13:34:59Z" name="stopDriver" finished-at="2022-03-30T13:34:59Z" duration-ms="157" status="PASS">
          <reporter-output>
          </reporter-output>
        </test-method> <!-- stopDriver -->
      </class> <!-- tests.CareersTest -->
    </test> <!-- Default test -->
  </suite> <!-- Default suite -->
</testng-results>
